<?xml version="1.0" encoding="UTF-8"?>
<!-- Generated by org.testng.reporters.JUnitXMLReporter -->
<testsuite ignored="0" hostname="DESKTOP-GEBSJP2" failures="0" tests="4" name="Default test" time="6.224" errors="0" timestamp="2022-06-11T17:43:08 IST">
  <testcase classname="apisaro.apisaro.Regress" name="delete" time="4.578"/>
  <testcase classname="apisaro.apisaro.Regress" name="get" time="0.55"/>
  <testcase classname="apisaro.apisaro.Regress" name="post" time="0.6"/>
  <testcase classname="apisaro.apisaro.Regress" name="put" time="0.413"/>
</testsuite> <!-- Default test -->
