<?xml version="1.0" encoding="UTF-8"?>
<testng-results ignored="0" total="4" passed="4" failed="0" skipped="0">
  <reporter-output>
  </reporter-output>
  <suite started-at="2022-06-11T17:43:02 IST" name="Default suite" finished-at="2022-06-11T17:43:08 IST" duration-ms="6224">
    <groups>
    </groups>
    <test started-at="2022-06-11T17:43:02 IST" name="Default test" finished-at="2022-06-11T17:43:08 IST" duration-ms="6224">
      <class name="apisaro.apisaro.Regress">
        <test-method signature="delete()[pri:0, instance:apisaro.apisaro.Regress@77eca502]" started-at="2022-06-11T17:43:02 IST" name="delete" finished-at="2022-06-11T17:43:07 IST" duration-ms="4578" status="PASS">
          <reporter-output>
          </reporter-output>
        </test-method> <!-- delete -->
        <test-method signature="get()[pri:0, instance:apisaro.apisaro.Regress@77eca502]" started-at="2022-06-11T17:43:07 IST" name="get" finished-at="2022-06-11T17:43:07 IST" duration-ms="550" status="PASS">
          <reporter-output>
          </reporter-output>
        </test-method> <!-- get -->
        <test-method signature="post()[pri:0, instance:apisaro.apisaro.Regress@77eca502]" started-at="2022-06-11T17:43:07 IST" name="post" finished-at="2022-06-11T17:43:08 IST" duration-ms="600" status="PASS">
          <reporter-output>
          </reporter-output>
        </test-method> <!-- post -->
        <test-method signature="put()[pri:0, instance:apisaro.apisaro.Regress@77eca502]" started-at="2022-06-11T17:43:08 IST" name="put" finished-at="2022-06-11T17:43:08 IST" duration-ms="413" status="PASS">
          <reporter-output>
          </reporter-output>
        </test-method> <!-- put -->
      </class> <!-- apisaro.apisaro.Regress -->
    </test> <!-- Default test -->
  </suite> <!-- Default suite -->
</testng-results>
